{"C:\\Users\\Hp\\Desktop\\MY CODING ENVIRONMENT\\movies_Api\\app.js": {"path":"C:\\Users\\Hp\\Desktop\\MY CODING ENVIRONMENT\\movies_Api\\app.js","statementMap":{"0":{"start":{"line":1,"column":16},"end":{"line":1,"column":34}},"1":{"start":{"line":2,"column":16},"end":{"line":2,"column":34}},"2":{"start":{"line":3,"column":12},"end":{"line":3,"column":21}},"3":{"start":{"line":5,"column":0},"end":{"line":5,"column":26}},"4":{"start":{"line":6,"column":0},"end":{"line":6,"column":34}},"5":{"start":{"line":7,"column":0},"end":{"line":7,"column":31}},"6":{"start":{"line":8,"column":0},"end":{"line":8,"column":34}},"7":{"start":{"line":9,"column":0},"end":{"line":9,"column":30}},"8":{"start":{"line":12,"column":0},"end":{"line":12,"column":24}},"9":{"start":{"line":13,"column":0},"end":{"line":13,"column":48}},"10":{"start":{"line":15,"column":13},"end":{"line":15,"column":37}},"11":{"start":{"line":16,"column":13},"end":{"line":16,"column":99}},"12":{"start":{"line":16,"column":36},"end":{"line":16,"column":98}},"13":{"start":{"line":18,"column":0},"end":{"line":18,"column":24}}},"fnMap":{"0":{"name":"(anonymous_0)","decl":{"start":{"line":16,"column":30},"end":{"line":16,"column":31}},"loc":{"start":{"line":16,"column":36},"end":{"line":16,"column":98}},"line":16}},"branchMap":{"0":{"loc":{"start":{"line":15,"column":13},"end":{"line":15,"column":37}},"type":"binary-expr","locations":[{"start":{"line":15,"column":13},"end":{"line":15,"column":29}},{"start":{"line":15,"column":33},"end":{"line":15,"column":37}}],"line":15}},"s":{"0":2,"1":2,"2":2,"3":2,"4":2,"5":2,"6":2,"7":2,"8":2,"9":2,"10":2,"11":2,"12":2,"13":2},"f":{"0":2},"b":{"0":[2,2]},"_coverageSchema":"1a1c01bbd47fc00a2c39e90264f33305004495a9","hash":"6032b172f81a52a7a741a564b2c0f9a0b5e234ce"}
,"C:\\Users\\Hp\\Desktop\\MY CODING ENVIRONMENT\\movies_Api\\middleware\\admin.js": {"path":"C:\\Users\\Hp\\Desktop\\MY CODING ENVIRONMENT\\movies_Api\\middleware\\admin.js","statementMap":{"0":{"start":{"line":1,"column":0},"end":{"line":5,"column":1}},"1":{"start":{"line":2,"column":4},"end":{"line":2,"column":75}},"2":{"start":{"line":2,"column":26},"end":{"line":2,"column":75}},"3":{"start":{"line":4,"column":4},"end":{"line":4,"column":11}}},"fnMap":{"0":{"name":"(anonymous_0)","decl":{"start":{"line":1,"column":17},"end":{"line":1,"column":18}},"loc":{"start":{"line":1,"column":43},"end":{"line":5,"column":1}},"line":1}},"branchMap":{"0":{"loc":{"start":{"line":2,"column":4},"end":{"line":2,"column":75}},"type":"if","locations":[{"start":{"line":2,"column":4},"end":{"line":2,"column":75}},{"start":{"line":2,"column":4},"end":{"line":2,"column":75}}],"line":2}},"s":{"0":2,"1":0,"2":0,"3":0},"f":{"0":0},"b":{"0":[0,0]},"_coverageSchema":"1a1c01bbd47fc00a2c39e90264f33305004495a9","hash":"4ae3f7b11023a4fabdbcd9493c8928edd7d943cc"}
,"C:\\Users\\Hp\\Desktop\\MY CODING ENVIRONMENT\\movies_Api\\middleware\\asyncerror.js": {"path":"C:\\Users\\Hp\\Desktop\\MY CODING ENVIRONMENT\\movies_Api\\middleware\\asyncerror.js","statementMap":{"0":{"start":{"line":2,"column":0},"end":{"line":11,"column":2}},"1":{"start":{"line":3,"column":4},"end":{"line":10,"column":6}},"2":{"start":{"line":4,"column":8},"end":{"line":9,"column":9}},"3":{"start":{"line":5,"column":12},"end":{"line":5,"column":35}},"4":{"start":{"line":8,"column":12},"end":{"line":8,"column":22}}},"fnMap":{"0":{"name":"(anonymous_0)","decl":{"start":{"line":2,"column":17},"end":{"line":2,"column":18}},"loc":{"start":{"line":2,"column":36},"end":{"line":11,"column":1}},"line":2},"1":{"name":"(anonymous_1)","decl":{"start":{"line":3,"column":11},"end":{"line":3,"column":12}},"loc":{"start":{"line":3,"column":37},"end":{"line":10,"column":5}},"line":3}},"branchMap":{},"s":{"0":2,"1":0,"2":0,"3":0,"4":0},"f":{"0":0,"1":0},"b":{},"_coverageSchema":"1a1c01bbd47fc00a2c39e90264f33305004495a9","hash":"79ab3e56f80283168ad146d16f71d5c118a1e983"}
,"C:\\Users\\Hp\\Desktop\\MY CODING ENVIRONMENT\\movies_Api\\middleware\\auth.js": {"path":"C:\\Users\\Hp\\Desktop\\MY CODING ENVIRONMENT\\movies_Api\\middleware\\auth.js","statementMap":{"0":{"start":{"line":1,"column":0},"end":{"line":1,"column":27}},"1":{"start":{"line":2,"column":15},"end":{"line":2,"column":32}},"2":{"start":{"line":3,"column":12},"end":{"line":3,"column":35}},"3":{"start":{"line":4,"column":17},"end":{"line":4,"column":43}},"4":{"start":{"line":6,"column":1},"end":{"line":20,"column":2}},"5":{"start":{"line":8,"column":18},"end":{"line":8,"column":44}},"6":{"start":{"line":9,"column":4},"end":{"line":9,"column":76}},"7":{"start":{"line":9,"column":15},"end":{"line":9,"column":76}},"8":{"start":{"line":12,"column":4},"end":{"line":19,"column":5}},"9":{"start":{"line":13,"column":29},"end":{"line":13,"column":76}},"10":{"start":{"line":14,"column":8},"end":{"line":14,"column":32}},"11":{"start":{"line":15,"column":8},"end":{"line":15,"column":15}},"12":{"start":{"line":18,"column":8},"end":{"line":18,"column":56}}},"fnMap":{"0":{"name":"authToken","decl":{"start":{"line":6,"column":27},"end":{"line":6,"column":36}},"loc":{"start":{"line":6,"column":53},"end":{"line":20,"column":1}},"line":6}},"branchMap":{"0":{"loc":{"start":{"line":9,"column":4},"end":{"line":9,"column":76}},"type":"if","locations":[{"start":{"line":9,"column":4},"end":{"line":9,"column":76}},{"start":{"line":9,"column":4},"end":{"line":9,"column":76}}],"line":9}},"s":{"0":2,"1":2,"2":2,"3":2,"4":2,"5":8,"6":8,"7":2,"8":8,"9":8,"10":5,"11":5,"12":3},"f":{"0":8},"b":{"0":[2,6]},"_coverageSchema":"1a1c01bbd47fc00a2c39e90264f33305004495a9","hash":"3491ab2c9576d0898149abaa2921ff3e0ef47e04"}
,"C:\\Users\\Hp\\Desktop\\MY CODING ENVIRONMENT\\movies_Api\\middleware\\error.js": {"path":"C:\\Users\\Hp\\Desktop\\MY CODING ENVIRONMENT\\movies_Api\\middleware\\error.js","statementMap":{"0":{"start":{"line":1,"column":16},"end":{"line":1,"column":34}},"1":{"start":{"line":3,"column":0},"end":{"line":7,"column":2}},"2":{"start":{"line":4,"column":4},"end":{"line":4,"column":36}},"3":{"start":{"line":6,"column":4},"end":{"line":6,"column":51}}},"fnMap":{"0":{"name":"(anonymous_0)","decl":{"start":{"line":3,"column":17},"end":{"line":3,"column":18}},"loc":{"start":{"line":3,"column":47},"end":{"line":7,"column":1}},"line":3}},"branchMap":{},"s":{"0":2,"1":2,"2":7,"3":7},"f":{"0":7},"b":{},"_coverageSchema":"1a1c01bbd47fc00a2c39e90264f33305004495a9","hash":"1e3bdbcd5bbeb5f8833564362811b42b3e5a8a06"}
,"C:\\Users\\Hp\\Desktop\\MY CODING ENVIRONMENT\\movies_Api\\middleware\\validateObjectId.js": {"path":"C:\\Users\\Hp\\Desktop\\MY CODING ENVIRONMENT\\movies_Api\\middleware\\validateObjectId.js","statementMap":{"0":{"start":{"line":1,"column":17},"end":{"line":1,"column":36}},"1":{"start":{"line":3,"column":0},"end":{"line":8,"column":1}},"2":{"start":{"line":4,"column":4},"end":{"line":5,"column":47}},"3":{"start":{"line":5,"column":4},"end":{"line":5,"column":47}},"4":{"start":{"line":7,"column":4},"end":{"line":7,"column":11}}},"fnMap":{"0":{"name":"(anonymous_0)","decl":{"start":{"line":3,"column":17},"end":{"line":3,"column":18}},"loc":{"start":{"line":3,"column":42},"end":{"line":8,"column":1}},"line":3}},"branchMap":{"0":{"loc":{"start":{"line":4,"column":4},"end":{"line":5,"column":47}},"type":"if","locations":[{"start":{"line":4,"column":4},"end":{"line":5,"column":47}},{"start":{"line":4,"column":4},"end":{"line":5,"column":47}}],"line":4}},"s":{"0":2,"1":2,"2":2,"3":1,"4":1},"f":{"0":2},"b":{"0":[1,1]},"_coverageSchema":"1a1c01bbd47fc00a2c39e90264f33305004495a9","hash":"b8892c21afe8571b029e00040ee8ace9ff116a6f"}
,"C:\\Users\\Hp\\Desktop\\MY CODING ENVIRONMENT\\movies_Api\\models\\customer.js": {"path":"C:\\Users\\Hp\\Desktop\\MY CODING ENVIRONMENT\\movies_Api\\models\\customer.js","statementMap":{"0":{"start":{"line":1,"column":17},"end":{"line":1,"column":36}},"1":{"start":{"line":2,"column":12},"end":{"line":2,"column":26}},"2":{"start":{"line":4,"column":17},"end":{"line":23,"column":3}},"3":{"start":{"line":26,"column":19},"end":{"line":29,"column":6}},"4":{"start":{"line":31,"column":4},"end":{"line":31,"column":37}},"5":{"start":{"line":34,"column":0},"end":{"line":34,"column":36}},"6":{"start":{"line":35,"column":0},"end":{"line":35,"column":28}}},"fnMap":{"0":{"name":"validateCustomer","decl":{"start":{"line":25,"column":9},"end":{"line":25,"column":25}},"loc":{"start":{"line":25,"column":36},"end":{"line":32,"column":1}},"line":25}},"branchMap":{},"s":{"0":2,"1":2,"2":2,"3":0,"4":0,"5":2,"6":2},"f":{"0":0},"b":{},"_coverageSchema":"1a1c01bbd47fc00a2c39e90264f33305004495a9","hash":"d70be26c919df287c0d39e46b845a903218eccaa"}
,"C:\\Users\\Hp\\Desktop\\MY CODING ENVIRONMENT\\movies_Api\\models\\genre.js": {"path":"C:\\Users\\Hp\\Desktop\\MY CODING ENVIRONMENT\\movies_Api\\models\\genre.js","statementMap":{"0":{"start":{"line":1,"column":17},"end":{"line":1,"column":36}},"1":{"start":{"line":2,"column":12},"end":{"line":2,"column":26}},"2":{"start":{"line":4,"column":20},"end":{"line":12,"column":2}},"3":{"start":{"line":14,"column":14},"end":{"line":14,"column":54}},"4":{"start":{"line":27,"column":19},"end":{"line":29,"column":6}},"5":{"start":{"line":30,"column":4},"end":{"line":30,"column":34}},"6":{"start":{"line":33,"column":0},"end":{"line":33,"column":34}},"7":{"start":{"line":34,"column":0},"end":{"line":34,"column":22}},"8":{"start":{"line":35,"column":0},"end":{"line":35,"column":33}}},"fnMap":{"0":{"name":"validateGenre","decl":{"start":{"line":26,"column":9},"end":{"line":26,"column":22}},"loc":{"start":{"line":26,"column":30},"end":{"line":31,"column":1}},"line":26}},"branchMap":{},"s":{"0":2,"1":2,"2":2,"3":2,"4":5,"5":5,"6":2,"7":2,"8":2},"f":{"0":5},"b":{},"_coverageSchema":"1a1c01bbd47fc00a2c39e90264f33305004495a9","hash":"73565bfd894777c4aada01e90830e88560f02191"}
,"C:\\Users\\Hp\\Desktop\\MY CODING ENVIRONMENT\\movies_Api\\models\\movie.js": {"path":"C:\\Users\\Hp\\Desktop\\MY CODING ENVIRONMENT\\movies_Api\\models\\movie.js","statementMap":{"0":{"start":{"line":1,"column":17},"end":{"line":1,"column":36}},"1":{"start":{"line":2,"column":12},"end":{"line":2,"column":26}},"2":{"start":{"line":3,"column":31},"end":{"line":3,"column":49}},"3":{"start":{"line":5,"column":14},"end":{"line":29,"column":3}},"4":{"start":{"line":32,"column":18},"end":{"line":39,"column":6}},"5":{"start":{"line":40,"column":19},"end":{"line":40,"column":37}},"6":{"start":{"line":43,"column":0},"end":{"line":43,"column":14}},"7":{"start":{"line":46,"column":19},"end":{"line":51,"column":6}},"8":{"start":{"line":53,"column":4},"end":{"line":53,"column":34}},"9":{"start":{"line":56,"column":0},"end":{"line":56,"column":33}},"10":{"start":{"line":57,"column":0},"end":{"line":57,"column":22}}},"fnMap":{"0":{"name":"createMovie","decl":{"start":{"line":31,"column":15},"end":{"line":31,"column":26}},"loc":{"start":{"line":31,"column":29},"end":{"line":41,"column":1}},"line":31},"1":{"name":"validateMovie","decl":{"start":{"line":45,"column":9},"end":{"line":45,"column":22}},"loc":{"start":{"line":45,"column":30},"end":{"line":54,"column":1}},"line":45}},"branchMap":{},"s":{"0":2,"1":2,"2":2,"3":2,"4":2,"5":2,"6":2,"7":0,"8":0,"9":2,"10":2},"f":{"0":2,"1":0},"b":{},"_coverageSchema":"1a1c01bbd47fc00a2c39e90264f33305004495a9","hash":"ddc54c06d22818bd261463179a3ec0e5e2d4266c"}
,"C:\\Users\\Hp\\Desktop\\MY CODING ENVIRONMENT\\movies_Api\\models\\rental.js": {"path":"C:\\Users\\Hp\\Desktop\\MY CODING ENVIRONMENT\\movies_Api\\models\\rental.js","statementMap":{"0":{"start":{"line":1,"column":17},"end":{"line":1,"column":36}},"1":{"start":{"line":2,"column":12},"end":{"line":2,"column":26}},"2":{"start":{"line":5,"column":15},"end":{"line":60,"column":3}},"3":{"start":{"line":63,"column":19},"end":{"line":66,"column":6}},"4":{"start":{"line":68,"column":4},"end":{"line":68,"column":35}},"5":{"start":{"line":71,"column":0},"end":{"line":71,"column":34}},"6":{"start":{"line":72,"column":0},"end":{"line":72,"column":24}}},"fnMap":{"0":{"name":"validateRental","decl":{"start":{"line":62,"column":9},"end":{"line":62,"column":23}},"loc":{"start":{"line":62,"column":32},"end":{"line":69,"column":1}},"line":62}},"branchMap":{},"s":{"0":2,"1":2,"2":2,"3":0,"4":0,"5":2,"6":2},"f":{"0":0},"b":{},"_coverageSchema":"1a1c01bbd47fc00a2c39e90264f33305004495a9","hash":"6a366cc9cf5a1dfa601bcdaab022dd5925e452c2"}
,"C:\\Users\\Hp\\Desktop\\MY CODING ENVIRONMENT\\movies_Api\\models\\users.js": {"path":"C:\\Users\\Hp\\Desktop\\MY CODING ENVIRONMENT\\movies_Api\\models\\users.js","statementMap":{"0":{"start":{"line":1,"column":0},"end":{"line":1,"column":27}},"1":{"start":{"line":2,"column":15},"end":{"line":2,"column":32}},"2":{"start":{"line":3,"column":12},"end":{"line":3,"column":35}},"3":{"start":{"line":4,"column":17},"end":{"line":4,"column":36}},"4":{"start":{"line":5,"column":12},"end":{"line":5,"column":26}},"5":{"start":{"line":7,"column":19},"end":{"line":29,"column":2}},"6":{"start":{"line":32,"column":0},"end":{"line":35,"column":2}},"7":{"start":{"line":33,"column":18},"end":{"line":33,"column":98}},"8":{"start":{"line":34,"column":4},"end":{"line":34,"column":17}},"9":{"start":{"line":36,"column":13},"end":{"line":36,"column":51}},"10":{"start":{"line":39,"column":19},"end":{"line":43,"column":6}},"11":{"start":{"line":45,"column":4},"end":{"line":45,"column":33}},"12":{"start":{"line":48,"column":0},"end":{"line":48,"column":32}},"13":{"start":{"line":49,"column":0},"end":{"line":49,"column":20}}},"fnMap":{"0":{"name":"(anonymous_0)","decl":{"start":{"line":32,"column":39},"end":{"line":32,"column":40}},"loc":{"start":{"line":32,"column":50},"end":{"line":35,"column":1}},"line":32},"1":{"name":"validateUser","decl":{"start":{"line":38,"column":9},"end":{"line":38,"column":21}},"loc":{"start":{"line":38,"column":28},"end":{"line":46,"column":1}},"line":38}},"branchMap":{},"s":{"0":3,"1":3,"2":3,"3":3,"4":3,"5":3,"6":3,"7":9,"8":9,"9":3,"10":0,"11":0,"12":3,"13":3},"f":{"0":9,"1":0},"b":{},"_coverageSchema":"1a1c01bbd47fc00a2c39e90264f33305004495a9","hash":"90f9a0b96f5d470eb454e3630c543a9c0827dcf9"}
,"C:\\Users\\Hp\\Desktop\\MY CODING ENVIRONMENT\\movies_Api\\routes\\auth.js": {"path":"C:\\Users\\Hp\\Desktop\\MY CODING ENVIRONMENT\\movies_Api\\routes\\auth.js","statementMap":{"0":{"start":{"line":1,"column":0},"end":{"line":1,"column":27}},"1":{"start":{"line":2,"column":15},"end":{"line":2,"column":32}},"2":{"start":{"line":3,"column":10},"end":{"line":3,"column":27}},"3":{"start":{"line":4,"column":15},"end":{"line":4,"column":32}},"4":{"start":{"line":5,"column":17},"end":{"line":5,"column":36}},"5":{"start":{"line":6,"column":16},"end":{"line":6,"column":34}},"6":{"start":{"line":7,"column":15},"end":{"line":7,"column":31}},"7":{"start":{"line":8,"column":17},"end":{"line":8,"column":43}},"8":{"start":{"line":9,"column":12},"end":{"line":9,"column":26}},"9":{"start":{"line":10,"column":12},"end":{"line":10,"column":35}},"10":{"start":{"line":12,"column":0},"end":{"line":30,"column":3}},"11":{"start":{"line":15,"column":22},"end":{"line":15,"column":40}},"12":{"start":{"line":16,"column":4},"end":{"line":16,"column":68}},"13":{"start":{"line":16,"column":14},"end":{"line":16,"column":68}},"14":{"start":{"line":19,"column":15},"end":{"line":19,"column":60}},"15":{"start":{"line":20,"column":4},"end":{"line":20,"column":71}},"16":{"start":{"line":20,"column":14},"end":{"line":20,"column":71}},"17":{"start":{"line":24,"column":29},"end":{"line":24,"column":83}},"18":{"start":{"line":25,"column":4},"end":{"line":25,"column":83}},"19":{"start":{"line":25,"column":26},"end":{"line":25,"column":83}},"20":{"start":{"line":28,"column":18},"end":{"line":28,"column":75}},"21":{"start":{"line":29,"column":4},"end":{"line":29,"column":20}},"22":{"start":{"line":33,"column":19},"end":{"line":38,"column":6}},"23":{"start":{"line":40,"column":4},"end":{"line":40,"column":32}},"24":{"start":{"line":43,"column":0},"end":{"line":43,"column":24}}},"fnMap":{"0":{"name":"(anonymous_0)","decl":{"start":{"line":12,"column":17},"end":{"line":12,"column":18}},"loc":{"start":{"line":12,"column":37},"end":{"line":30,"column":1}},"line":12},"1":{"name":"validate","decl":{"start":{"line":32,"column":9},"end":{"line":32,"column":17}},"loc":{"start":{"line":32,"column":23},"end":{"line":41,"column":1}},"line":32}},"branchMap":{"0":{"loc":{"start":{"line":16,"column":4},"end":{"line":16,"column":68}},"type":"if","locations":[{"start":{"line":16,"column":4},"end":{"line":16,"column":68}},{"start":{"line":16,"column":4},"end":{"line":16,"column":68}}],"line":16},"1":{"loc":{"start":{"line":20,"column":4},"end":{"line":20,"column":71}},"type":"if","locations":[{"start":{"line":20,"column":4},"end":{"line":20,"column":71}},{"start":{"line":20,"column":4},"end":{"line":20,"column":71}}],"line":20},"2":{"loc":{"start":{"line":25,"column":4},"end":{"line":25,"column":83}},"type":"if","locations":[{"start":{"line":25,"column":4},"end":{"line":25,"column":83}},{"start":{"line":25,"column":4},"end":{"line":25,"column":83}}],"line":25}},"s":{"0":2,"1":2,"2":2,"3":2,"4":2,"5":2,"6":2,"7":2,"8":2,"9":2,"10":2,"11":0,"12":0,"13":0,"14":0,"15":0,"16":0,"17":0,"18":0,"19":0,"20":0,"21":0,"22":0,"23":0,"24":2},"f":{"0":0,"1":0},"b":{"0":[0,0],"1":[0,0],"2":[0,0]},"_coverageSchema":"1a1c01bbd47fc00a2c39e90264f33305004495a9","hash":"741579332da69d96445c3db02d7b2bd67a263713"}
,"C:\\Users\\Hp\\Desktop\\MY CODING ENVIRONMENT\\movies_Api\\routes\\customer.js": {"path":"C:\\Users\\Hp\\Desktop\\MY CODING ENVIRONMENT\\movies_Api\\routes\\customer.js","statementMap":{"0":{"start":{"line":1,"column":17},"end":{"line":1,"column":36}},"1":{"start":{"line":2,"column":16},"end":{"line":2,"column":34}},"2":{"start":{"line":3,"column":15},"end":{"line":3,"column":31}},"3":{"start":{"line":4,"column":12},"end":{"line":4,"column":26}},"4":{"start":{"line":5,"column":31},"end":{"line":5,"column":60}},"5":{"start":{"line":7,"column":0},"end":{"line":10,"column":3}},"6":{"start":{"line":8,"column":19},"end":{"line":8,"column":47}},"7":{"start":{"line":9,"column":4},"end":{"line":9,"column":23}},"8":{"start":{"line":12,"column":0},"end":{"line":23,"column":3}},"9":{"start":{"line":13,"column":22},"end":{"line":13,"column":46}},"10":{"start":{"line":14,"column":4},"end":{"line":14,"column":68}},"11":{"start":{"line":14,"column":14},"end":{"line":14,"column":68}},"12":{"start":{"line":16,"column":19},"end":{"line":19,"column":6}},"13":{"start":{"line":21,"column":4},"end":{"line":21,"column":26}},"14":{"start":{"line":22,"column":4},"end":{"line":22,"column":23}},"15":{"start":{"line":25,"column":0},"end":{"line":25,"column":24}}},"fnMap":{"0":{"name":"(anonymous_0)","decl":{"start":{"line":7,"column":16},"end":{"line":7,"column":17}},"loc":{"start":{"line":7,"column":30},"end":{"line":10,"column":1}},"line":7},"1":{"name":"(anonymous_1)","decl":{"start":{"line":12,"column":17},"end":{"line":12,"column":18}},"loc":{"start":{"line":12,"column":37},"end":{"line":23,"column":1}},"line":12}},"branchMap":{"0":{"loc":{"start":{"line":14,"column":4},"end":{"line":14,"column":68}},"type":"if","locations":[{"start":{"line":14,"column":4},"end":{"line":14,"column":68}},{"start":{"line":14,"column":4},"end":{"line":14,"column":68}}],"line":14}},"s":{"0":2,"1":2,"2":2,"3":2,"4":2,"5":2,"6":0,"7":0,"8":2,"9":0,"10":0,"11":0,"12":0,"13":0,"14":0,"15":2},"f":{"0":0,"1":0},"b":{"0":[0,0]},"_coverageSchema":"1a1c01bbd47fc00a2c39e90264f33305004495a9","hash":"c691fcae7d78027334e3295667ce7341bba0a5e0"}
,"C:\\Users\\Hp\\Desktop\\MY CODING ENVIRONMENT\\movies_Api\\routes\\genre.js": {"path":"C:\\Users\\Hp\\Desktop\\MY CODING ENVIRONMENT\\movies_Api\\routes\\genre.js","statementMap":{"0":{"start":{"line":1,"column":29},"end":{"line":1,"column":64}},"1":{"start":{"line":2,"column":25},"end":{"line":2,"column":66}},"2":{"start":{"line":3,"column":0},"end":{"line":3,"column":32}},"3":{"start":{"line":4,"column":14},"end":{"line":4,"column":44}},"4":{"start":{"line":5,"column":18},"end":{"line":5,"column":47}},"5":{"start":{"line":6,"column":16},"end":{"line":6,"column":34}},"6":{"start":{"line":7,"column":15},"end":{"line":7,"column":31}},"7":{"start":{"line":8,"column":17},"end":{"line":8,"column":36}},"8":{"start":{"line":9,"column":12},"end":{"line":9,"column":26}},"9":{"start":{"line":10,"column":41},"end":{"line":10,"column":67}},"10":{"start":{"line":12,"column":0},"end":{"line":17,"column":3}},"11":{"start":{"line":14,"column":18},"end":{"line":14,"column":49}},"12":{"start":{"line":16,"column":4},"end":{"line":16,"column":20}},"13":{"start":{"line":19,"column":0},"end":{"line":26,"column":3}},"14":{"start":{"line":21,"column":18},"end":{"line":21,"column":53}},"15":{"start":{"line":23,"column":4},"end":{"line":23,"column":66}},"16":{"start":{"line":23,"column":15},"end":{"line":23,"column":66}},"17":{"start":{"line":25,"column":4},"end":{"line":25,"column":20}},"18":{"start":{"line":28,"column":0},"end":{"line":36,"column":3}},"19":{"start":{"line":29,"column":22},"end":{"line":29,"column":40}},"20":{"start":{"line":30,"column":4},"end":{"line":30,"column":68}},"21":{"start":{"line":30,"column":14},"end":{"line":30,"column":68}},"22":{"start":{"line":32,"column":16},"end":{"line":32,"column":50}},"23":{"start":{"line":33,"column":4},"end":{"line":33,"column":31}},"24":{"start":{"line":35,"column":4},"end":{"line":35,"column":20}},"25":{"start":{"line":38,"column":0},"end":{"line":49,"column":3}},"26":{"start":{"line":39,"column":22},"end":{"line":39,"column":40}},"27":{"start":{"line":40,"column":4},"end":{"line":40,"column":68}},"28":{"start":{"line":40,"column":14},"end":{"line":40,"column":68}},"29":{"start":{"line":42,"column":16},"end":{"line":42,"column":51}},"30":{"start":{"line":43,"column":4},"end":{"line":43,"column":60}},"31":{"start":{"line":43,"column":15},"end":{"line":43,"column":60}},"32":{"start":{"line":45,"column":4},"end":{"line":45,"column":30}},"33":{"start":{"line":46,"column":4},"end":{"line":46,"column":16}},"34":{"start":{"line":48,"column":4},"end":{"line":48,"column":20}},"35":{"start":{"line":51,"column":0},"end":{"line":58,"column":2}},"36":{"start":{"line":53,"column":18},"end":{"line":53,"column":61}},"37":{"start":{"line":55,"column":4},"end":{"line":55,"column":60}},"38":{"start":{"line":55,"column":15},"end":{"line":55,"column":60}},"39":{"start":{"line":57,"column":4},"end":{"line":57,"column":20}},"40":{"start":{"line":60,"column":0},"end":{"line":60,"column":24}}},"fnMap":{"0":{"name":"(anonymous_0)","decl":{"start":{"line":12,"column":16},"end":{"line":12,"column":17}},"loc":{"start":{"line":12,"column":36},"end":{"line":17,"column":1}},"line":12},"1":{"name":"(anonymous_1)","decl":{"start":{"line":19,"column":37},"end":{"line":19,"column":38}},"loc":{"start":{"line":19,"column":56},"end":{"line":26,"column":1}},"line":19},"2":{"name":"(anonymous_2)","decl":{"start":{"line":28,"column":28},"end":{"line":28,"column":29}},"loc":{"start":{"line":28,"column":48},"end":{"line":36,"column":1}},"line":28},"3":{"name":"(anonymous_3)","decl":{"start":{"line":38,"column":19},"end":{"line":38,"column":20}},"loc":{"start":{"line":38,"column":39},"end":{"line":49,"column":1}},"line":38},"4":{"name":"(anonymous_4)","decl":{"start":{"line":51,"column":44},"end":{"line":51,"column":45}},"loc":{"start":{"line":51,"column":64},"end":{"line":58,"column":1}},"line":51}},"branchMap":{"0":{"loc":{"start":{"line":23,"column":4},"end":{"line":23,"column":66}},"type":"if","locations":[{"start":{"line":23,"column":4},"end":{"line":23,"column":66}},{"start":{"line":23,"column":4},"end":{"line":23,"column":66}}],"line":23},"1":{"loc":{"start":{"line":30,"column":4},"end":{"line":30,"column":68}},"type":"if","locations":[{"start":{"line":30,"column":4},"end":{"line":30,"column":68}},{"start":{"line":30,"column":4},"end":{"line":30,"column":68}}],"line":30},"2":{"loc":{"start":{"line":40,"column":4},"end":{"line":40,"column":68}},"type":"if","locations":[{"start":{"line":40,"column":4},"end":{"line":40,"column":68}},{"start":{"line":40,"column":4},"end":{"line":40,"column":68}}],"line":40},"3":{"loc":{"start":{"line":43,"column":4},"end":{"line":43,"column":60}},"type":"if","locations":[{"start":{"line":43,"column":4},"end":{"line":43,"column":60}},{"start":{"line":43,"column":4},"end":{"line":43,"column":60}}],"line":43},"4":{"loc":{"start":{"line":55,"column":4},"end":{"line":55,"column":60}},"type":"if","locations":[{"start":{"line":55,"column":4},"end":{"line":55,"column":60}},{"start":{"line":55,"column":4},"end":{"line":55,"column":60}}],"line":55}},"s":{"0":2,"1":2,"2":2,"3":2,"4":2,"5":2,"6":2,"7":2,"8":2,"9":2,"10":2,"11":1,"12":1,"13":2,"14":1,"15":1,"16":0,"17":1,"18":2,"19":5,"20":5,"21":0,"22":5,"23":0,"24":0,"25":2,"26":0,"27":0,"28":0,"29":0,"30":0,"31":0,"32":0,"33":0,"34":0,"35":2,"36":0,"37":0,"38":0,"39":0,"40":2},"f":{"0":1,"1":1,"2":5,"3":0,"4":0},"b":{"0":[0,1],"1":[0,5],"2":[0,0],"3":[0,0],"4":[0,0]},"_coverageSchema":"1a1c01bbd47fc00a2c39e90264f33305004495a9","hash":"5ca14aedb4fd7365eee45081429ce31caf6df573"}
,"C:\\Users\\Hp\\Desktop\\MY CODING ENVIRONMENT\\movies_Api\\routes\\movie.js": {"path":"C:\\Users\\Hp\\Desktop\\MY CODING ENVIRONMENT\\movies_Api\\routes\\movie.js","statementMap":{"0":{"start":{"line":1,"column":17},"end":{"line":1,"column":36}},"1":{"start":{"line":2,"column":16},"end":{"line":2,"column":34}},"2":{"start":{"line":3,"column":15},"end":{"line":3,"column":31}},"3":{"start":{"line":4,"column":28},"end":{"line":4,"column":56}},"4":{"start":{"line":7,"column":0},"end":{"line":10,"column":3}},"5":{"start":{"line":8,"column":18},"end":{"line":8,"column":50}},"6":{"start":{"line":9,"column":4},"end":{"line":9,"column":20}},"7":{"start":{"line":12,"column":0},"end":{"line":31,"column":2}},"8":{"start":{"line":13,"column":23},"end":{"line":13,"column":41}},"9":{"start":{"line":14,"column":4},"end":{"line":14,"column":70}},"10":{"start":{"line":14,"column":16},"end":{"line":14,"column":70}},"11":{"start":{"line":16,"column":18},"end":{"line":16,"column":50}},"12":{"start":{"line":17,"column":4},"end":{"line":17,"column":60}},"13":{"start":{"line":17,"column":15},"end":{"line":17,"column":60}},"14":{"start":{"line":19,"column":16},"end":{"line":27,"column":6}},"15":{"start":{"line":29,"column":4},"end":{"line":29,"column":31}},"16":{"start":{"line":30,"column":4},"end":{"line":30,"column":20}},"17":{"start":{"line":33,"column":0},"end":{"line":49,"column":2}},"18":{"start":{"line":34,"column":22},"end":{"line":34,"column":40}},"19":{"start":{"line":35,"column":4},"end":{"line":35,"column":70}},"20":{"start":{"line":35,"column":16},"end":{"line":35,"column":70}},"21":{"start":{"line":37,"column":16},"end":{"line":37,"column":51}},"22":{"start":{"line":38,"column":4},"end":{"line":38,"column":62}},"23":{"start":{"line":38,"column":15},"end":{"line":38,"column":62}},"24":{"start":{"line":40,"column":4},"end":{"line":44,"column":8}},"25":{"start":{"line":46,"column":4},"end":{"line":46,"column":23}},"26":{"start":{"line":48,"column":4},"end":{"line":48,"column":20}},"27":{"start":{"line":50,"column":0},"end":{"line":50,"column":24}}},"fnMap":{"0":{"name":"(anonymous_0)","decl":{"start":{"line":7,"column":16},"end":{"line":7,"column":17}},"loc":{"start":{"line":7,"column":35},"end":{"line":10,"column":1}},"line":7},"1":{"name":"(anonymous_1)","decl":{"start":{"line":12,"column":17},"end":{"line":12,"column":18}},"loc":{"start":{"line":12,"column":36},"end":{"line":31,"column":1}},"line":12},"2":{"name":"(anonymous_2)","decl":{"start":{"line":33,"column":19},"end":{"line":33,"column":20}},"loc":{"start":{"line":33,"column":39},"end":{"line":49,"column":1}},"line":33}},"branchMap":{"0":{"loc":{"start":{"line":14,"column":4},"end":{"line":14,"column":70}},"type":"if","locations":[{"start":{"line":14,"column":4},"end":{"line":14,"column":70}},{"start":{"line":14,"column":4},"end":{"line":14,"column":70}}],"line":14},"1":{"loc":{"start":{"line":17,"column":4},"end":{"line":17,"column":60}},"type":"if","locations":[{"start":{"line":17,"column":4},"end":{"line":17,"column":60}},{"start":{"line":17,"column":4},"end":{"line":17,"column":60}}],"line":17},"2":{"loc":{"start":{"line":35,"column":4},"end":{"line":35,"column":70}},"type":"if","locations":[{"start":{"line":35,"column":4},"end":{"line":35,"column":70}},{"start":{"line":35,"column":4},"end":{"line":35,"column":70}}],"line":35},"3":{"loc":{"start":{"line":38,"column":4},"end":{"line":38,"column":62}},"type":"if","locations":[{"start":{"line":38,"column":4},"end":{"line":38,"column":62}},{"start":{"line":38,"column":4},"end":{"line":38,"column":62}}],"line":38}},"s":{"0":2,"1":2,"2":2,"3":2,"4":2,"5":0,"6":0,"7":2,"8":0,"9":0,"10":0,"11":0,"12":0,"13":0,"14":0,"15":0,"16":0,"17":2,"18":0,"19":0,"20":0,"21":0,"22":0,"23":0,"24":0,"25":0,"26":0,"27":2},"f":{"0":0,"1":0,"2":0},"b":{"0":[0,0],"1":[0,0],"2":[0,0],"3":[0,0]},"_coverageSchema":"1a1c01bbd47fc00a2c39e90264f33305004495a9","hash":"4509260db7afc59c9440c58b5d25a79d534868d9"}
,"C:\\Users\\Hp\\Desktop\\MY CODING ENVIRONMENT\\movies_Api\\routes\\rental.js": {"path":"C:\\Users\\Hp\\Desktop\\MY CODING ENVIRONMENT\\movies_Api\\routes\\rental.js","statementMap":{"0":{"start":{"line":1,"column":18},"end":{"line":1,"column":47}},"1":{"start":{"line":2,"column":17},"end":{"line":2,"column":36}},"2":{"start":{"line":3,"column":16},"end":{"line":3,"column":34}},"3":{"start":{"line":4,"column":15},"end":{"line":4,"column":31}},"4":{"start":{"line":5,"column":13},"end":{"line":5,"column":28}},"5":{"start":{"line":6,"column":29},"end":{"line":6,"column":56}},"6":{"start":{"line":7,"column":21},"end":{"line":7,"column":50}},"7":{"start":{"line":8,"column":18},"end":{"line":8,"column":44}},"8":{"start":{"line":9,"column":12},"end":{"line":9,"column":26}},"9":{"start":{"line":10,"column":0},"end":{"line":10,"column":44}},"10":{"start":{"line":12,"column":0},"end":{"line":12,"column":20}},"11":{"start":{"line":14,"column":0},"end":{"line":17,"column":3}},"12":{"start":{"line":15,"column":19},"end":{"line":15,"column":55}},"13":{"start":{"line":16,"column":4},"end":{"line":16,"column":21}},"14":{"start":{"line":19,"column":0},"end":{"line":65,"column":2}},"15":{"start":{"line":21,"column":22},"end":{"line":21,"column":40}},"16":{"start":{"line":22,"column":4},"end":{"line":22,"column":68}},"17":{"start":{"line":22,"column":14},"end":{"line":22,"column":68}},"18":{"start":{"line":24,"column":21},"end":{"line":24,"column":65}},"19":{"start":{"line":25,"column":4},"end":{"line":25,"column":74}},"20":{"start":{"line":25,"column":18},"end":{"line":25,"column":74}},"21":{"start":{"line":27,"column":18},"end":{"line":27,"column":56}},"22":{"start":{"line":28,"column":4},"end":{"line":28,"column":68}},"23":{"start":{"line":28,"column":15},"end":{"line":28,"column":68}},"24":{"start":{"line":30,"column":4},"end":{"line":32,"column":5}},"25":{"start":{"line":31,"column":8},"end":{"line":31,"column":77}},"26":{"start":{"line":33,"column":17},"end":{"line":44,"column":6}},"27":{"start":{"line":53,"column":4},"end":{"line":64,"column":5}},"28":{"start":{"line":54,"column":19},"end":{"line":54,"column":30}},"29":{"start":{"line":56,"column":8},"end":{"line":58,"column":18}},"30":{"start":{"line":60,"column":8},"end":{"line":60,"column":25}},"31":{"start":{"line":63,"column":8},"end":{"line":63,"column":77}},"32":{"start":{"line":67,"column":0},"end":{"line":67,"column":24}}},"fnMap":{"0":{"name":"(anonymous_0)","decl":{"start":{"line":14,"column":16},"end":{"line":14,"column":17}},"loc":{"start":{"line":14,"column":36},"end":{"line":17,"column":1}},"line":14},"1":{"name":"(anonymous_1)","decl":{"start":{"line":19,"column":28},"end":{"line":19,"column":29}},"loc":{"start":{"line":19,"column":47},"end":{"line":65,"column":1}},"line":19}},"branchMap":{"0":{"loc":{"start":{"line":22,"column":4},"end":{"line":22,"column":68}},"type":"if","locations":[{"start":{"line":22,"column":4},"end":{"line":22,"column":68}},{"start":{"line":22,"column":4},"end":{"line":22,"column":68}}],"line":22},"1":{"loc":{"start":{"line":25,"column":4},"end":{"line":25,"column":74}},"type":"if","locations":[{"start":{"line":25,"column":4},"end":{"line":25,"column":74}},{"start":{"line":25,"column":4},"end":{"line":25,"column":74}}],"line":25},"2":{"loc":{"start":{"line":28,"column":4},"end":{"line":28,"column":68}},"type":"if","locations":[{"start":{"line":28,"column":4},"end":{"line":28,"column":68}},{"start":{"line":28,"column":4},"end":{"line":28,"column":68}}],"line":28},"3":{"loc":{"start":{"line":30,"column":4},"end":{"line":32,"column":5}},"type":"if","locations":[{"start":{"line":30,"column":4},"end":{"line":32,"column":5}},{"start":{"line":30,"column":4},"end":{"line":32,"column":5}}],"line":30}},"s":{"0":2,"1":2,"2":2,"3":2,"4":2,"5":2,"6":2,"7":2,"8":2,"9":2,"10":2,"11":2,"12":0,"13":0,"14":2,"15":0,"16":0,"17":0,"18":0,"19":0,"20":0,"21":0,"22":0,"23":0,"24":0,"25":0,"26":0,"27":0,"28":0,"29":0,"30":0,"31":0,"32":2},"f":{"0":0,"1":0},"b":{"0":[0,0],"1":[0,0],"2":[0,0],"3":[0,0]},"_coverageSchema":"1a1c01bbd47fc00a2c39e90264f33305004495a9","hash":"30f59a7165cd5747b74b613c0db69e6006bc0739"}
,"C:\\Users\\Hp\\Desktop\\MY CODING ENVIRONMENT\\movies_Api\\routes\\users.js": {"path":"C:\\Users\\Hp\\Desktop\\MY CODING ENVIRONMENT\\movies_Api\\routes\\users.js","statementMap":{"0":{"start":{"line":1,"column":18},"end":{"line":1,"column":47}},"1":{"start":{"line":2,"column":12},"end":{"line":2,"column":35}},"2":{"start":{"line":3,"column":0},"end":{"line":3,"column":27}},"3":{"start":{"line":4,"column":10},"end":{"line":4,"column":27}},"4":{"start":{"line":5,"column":15},"end":{"line":5,"column":32}},"5":{"start":{"line":6,"column":17},"end":{"line":6,"column":36}},"6":{"start":{"line":7,"column":16},"end":{"line":7,"column":34}},"7":{"start":{"line":8,"column":15},"end":{"line":8,"column":31}},"8":{"start":{"line":9,"column":27},"end":{"line":9,"column":53}},"9":{"start":{"line":10,"column":12},"end":{"line":10,"column":26}},"10":{"start":{"line":12,"column":0},"end":{"line":15,"column":2}},"11":{"start":{"line":13,"column":17},"end":{"line":13,"column":50}},"12":{"start":{"line":14,"column":4},"end":{"line":14,"column":19}},"13":{"start":{"line":17,"column":0},"end":{"line":33,"column":3}},"14":{"start":{"line":18,"column":22},"end":{"line":18,"column":40}},"15":{"start":{"line":19,"column":4},"end":{"line":19,"column":68}},"16":{"start":{"line":19,"column":14},"end":{"line":19,"column":68}},"17":{"start":{"line":22,"column":15},"end":{"line":22,"column":60}},"18":{"start":{"line":23,"column":4},"end":{"line":23,"column":64}},"19":{"start":{"line":23,"column":13},"end":{"line":23,"column":64}},"20":{"start":{"line":26,"column":4},"end":{"line":26,"column":69}},"21":{"start":{"line":27,"column":17},"end":{"line":27,"column":41}},"22":{"start":{"line":28,"column":4},"end":{"line":28,"column":59}},"23":{"start":{"line":29,"column":4},"end":{"line":29,"column":22}},"24":{"start":{"line":31,"column":18},"end":{"line":31,"column":42}},"25":{"start":{"line":32,"column":4},"end":{"line":32,"column":83}},"26":{"start":{"line":35,"column":4},"end":{"line":35,"column":28}}},"fnMap":{"0":{"name":"(anonymous_0)","decl":{"start":{"line":12,"column":29},"end":{"line":12,"column":30}},"loc":{"start":{"line":12,"column":49},"end":{"line":15,"column":1}},"line":12},"1":{"name":"(anonymous_1)","decl":{"start":{"line":17,"column":17},"end":{"line":17,"column":18}},"loc":{"start":{"line":17,"column":37},"end":{"line":33,"column":1}},"line":17}},"branchMap":{"0":{"loc":{"start":{"line":19,"column":4},"end":{"line":19,"column":68}},"type":"if","locations":[{"start":{"line":19,"column":4},"end":{"line":19,"column":68}},{"start":{"line":19,"column":4},"end":{"line":19,"column":68}}],"line":19},"1":{"loc":{"start":{"line":23,"column":4},"end":{"line":23,"column":64}},"type":"if","locations":[{"start":{"line":23,"column":4},"end":{"line":23,"column":64}},{"start":{"line":23,"column":4},"end":{"line":23,"column":64}}],"line":23}},"s":{"0":2,"1":2,"2":2,"3":2,"4":2,"5":2,"6":2,"7":2,"8":2,"9":2,"10":2,"11":0,"12":0,"13":2,"14":0,"15":0,"16":0,"17":0,"18":0,"19":0,"20":0,"21":0,"22":0,"23":0,"24":0,"25":0,"26":2},"f":{"0":0,"1":0},"b":{"0":[0,0],"1":[0,0]},"_coverageSchema":"1a1c01bbd47fc00a2c39e90264f33305004495a9","hash":"280e2ccf2b9d2049a7b71a1bfa336bc2fcdd113d"}
,"C:\\Users\\Hp\\Desktop\\MY CODING ENVIRONMENT\\movies_Api\\startup\\config.js": {"path":"C:\\Users\\Hp\\Desktop\\MY CODING ENVIRONMENT\\movies_Api\\startup\\config.js","statementMap":{"0":{"start":{"line":1,"column":0},"end":{"line":1,"column":27}},"1":{"start":{"line":2,"column":15},"end":{"line":2,"column":32}},"2":{"start":{"line":4,"column":0},"end":{"line":8,"column":2}},"3":{"start":{"line":5,"column":4},"end":{"line":7,"column":1}},"4":{"start":{"line":6,"column":4},"end":{"line":6,"column":66}}},"fnMap":{"0":{"name":"(anonymous_0)","decl":{"start":{"line":4,"column":17},"end":{"line":4,"column":18}},"loc":{"start":{"line":4,"column":28},"end":{"line":8,"column":1}},"line":4}},"branchMap":{"0":{"loc":{"start":{"line":5,"column":4},"end":{"line":7,"column":1}},"type":"if","locations":[{"start":{"line":5,"column":4},"end":{"line":7,"column":1}},{"start":{"line":5,"column":4},"end":{"line":7,"column":1}}],"line":5}},"s":{"0":2,"1":2,"2":2,"3":2,"4":0},"f":{"0":2},"b":{"0":[0,2]},"_coverageSchema":"1a1c01bbd47fc00a2c39e90264f33305004495a9","hash":"608ef2fde3af0db6860dde8a50630072df7ae234"}
,"C:\\Users\\Hp\\Desktop\\MY CODING ENVIRONMENT\\movies_Api\\startup\\db.js": {"path":"C:\\Users\\Hp\\Desktop\\MY CODING ENVIRONMENT\\movies_Api\\startup\\db.js","statementMap":{"0":{"start":{"line":1,"column":0},"end":{"line":1,"column":27}},"1":{"start":{"line":2,"column":15},"end":{"line":2,"column":32}},"2":{"start":{"line":3,"column":17},"end":{"line":3,"column":36}},"3":{"start":{"line":4,"column":16},"end":{"line":4,"column":34}},"4":{"start":{"line":6,"column":0},"end":{"line":15,"column":2}},"5":{"start":{"line":7,"column":15},"end":{"line":7,"column":31}},"6":{"start":{"line":8,"column":4},"end":{"line":14,"column":51}},"7":{"start":{"line":14,"column":12},"end":{"line":14,"column":49}}},"fnMap":{"0":{"name":"(anonymous_0)","decl":{"start":{"line":6,"column":17},"end":{"line":6,"column":18}},"loc":{"start":{"line":6,"column":28},"end":{"line":15,"column":1}},"line":6},"1":{"name":"(anonymous_1)","decl":{"start":{"line":14,"column":6},"end":{"line":14,"column":7}},"loc":{"start":{"line":14,"column":12},"end":{"line":14,"column":49}},"line":14}},"branchMap":{},"s":{"0":2,"1":2,"2":2,"3":2,"4":2,"5":2,"6":2,"7":2},"f":{"0":2,"1":2},"b":{},"_coverageSchema":"1a1c01bbd47fc00a2c39e90264f33305004495a9","hash":"ae1a17cf9ca008605ce05c13e0564f462046936e"}
,"C:\\Users\\Hp\\Desktop\\MY CODING ENVIRONMENT\\movies_Api\\startup\\logging.js": {"path":"C:\\Users\\Hp\\Desktop\\MY CODING ENVIRONMENT\\movies_Api\\startup\\logging.js","statementMap":{"0":{"start":{"line":1,"column":16},"end":{"line":1,"column":34}},"1":{"start":{"line":2,"column":0},"end":{"line":2,"column":27}},"2":{"start":{"line":3,"column":0},"end":{"line":3,"column":32}},"3":{"start":{"line":5,"column":0},"end":{"line":16,"column":1}},"4":{"start":{"line":6,"column":4},"end":{"line":8,"column":77}},"5":{"start":{"line":10,"column":4},"end":{"line":12,"column":7}},"6":{"start":{"line":11,"column":4},"end":{"line":11,"column":13}},"7":{"start":{"line":14,"column":4},"end":{"line":14,"column":70}},"8":{"start":{"line":15,"column":4},"end":{"line":15,"column":88}}},"fnMap":{"0":{"name":"(anonymous_0)","decl":{"start":{"line":5,"column":17},"end":{"line":5,"column":18}},"loc":{"start":{"line":5,"column":28},"end":{"line":16,"column":1}},"line":5},"1":{"name":"(anonymous_1)","decl":{"start":{"line":10,"column":37},"end":{"line":10,"column":38}},"loc":{"start":{"line":10,"column":45},"end":{"line":12,"column":5}},"line":10}},"branchMap":{},"s":{"0":2,"1":2,"2":2,"3":2,"4":2,"5":2,"6":0,"7":2,"8":2},"f":{"0":2,"1":0},"b":{},"_coverageSchema":"1a1c01bbd47fc00a2c39e90264f33305004495a9","hash":"64b02e4fe17e2a39d198428998cf4837cf3d7aad"}
,"C:\\Users\\Hp\\Desktop\\MY CODING ENVIRONMENT\\movies_Api\\startup\\routes.js": {"path":"C:\\Users\\Hp\\Desktop\\MY CODING ENVIRONMENT\\movies_Api\\startup\\routes.js","statementMap":{"0":{"start":{"line":1,"column":16},"end":{"line":1,"column":34}},"1":{"start":{"line":2,"column":14},"end":{"line":2,"column":44}},"2":{"start":{"line":3,"column":15},"end":{"line":3,"column":41}},"3":{"start":{"line":4,"column":16},"end":{"line":4,"column":43}},"4":{"start":{"line":5,"column":15},"end":{"line":5,"column":41}},"5":{"start":{"line":6,"column":14},"end":{"line":6,"column":40}},"6":{"start":{"line":7,"column":13},"end":{"line":7,"column":38}},"7":{"start":{"line":8,"column":18},"end":{"line":8,"column":47}},"8":{"start":{"line":10,"column":0},"end":{"line":20,"column":2}},"9":{"start":{"line":12,"column":4},"end":{"line":12,"column":35}},"10":{"start":{"line":13,"column":4},"end":{"line":13,"column":37}},"11":{"start":{"line":14,"column":4},"end":{"line":14,"column":33}},"12":{"start":{"line":15,"column":4},"end":{"line":15,"column":35}},"13":{"start":{"line":16,"column":4},"end":{"line":16,"column":41}},"14":{"start":{"line":17,"column":4},"end":{"line":17,"column":31}},"15":{"start":{"line":19,"column":4},"end":{"line":19,"column":19}}},"fnMap":{"0":{"name":"(anonymous_0)","decl":{"start":{"line":10,"column":17},"end":{"line":10,"column":18}},"loc":{"start":{"line":10,"column":31},"end":{"line":20,"column":1}},"line":10}},"branchMap":{},"s":{"0":2,"1":2,"2":2,"3":2,"4":2,"5":2,"6":2,"7":2,"8":2,"9":2,"10":2,"11":2,"12":2,"13":2,"14":2,"15":2},"f":{"0":2},"b":{},"_coverageSchema":"1a1c01bbd47fc00a2c39e90264f33305004495a9","hash":"6d6cb29f50d4b34476321043716a6e1fe93b30b1"}
,"C:\\Users\\Hp\\Desktop\\MY CODING ENVIRONMENT\\movies_Api\\startup\\validation.js": {"path":"C:\\Users\\Hp\\Desktop\\MY CODING ENVIRONMENT\\movies_Api\\startup\\validation.js","statementMap":{"0":{"start":{"line":1,"column":12},"end":{"line":1,"column":26}},"1":{"start":{"line":3,"column":0},"end":{"line":5,"column":2}},"2":{"start":{"line":4,"column":4},"end":{"line":4,"column":48}}},"fnMap":{"0":{"name":"(anonymous_0)","decl":{"start":{"line":3,"column":17},"end":{"line":3,"column":18}},"loc":{"start":{"line":3,"column":28},"end":{"line":5,"column":1}},"line":3}},"branchMap":{},"s":{"0":2,"1":2,"2":2},"f":{"0":2},"b":{},"_coverageSchema":"1a1c01bbd47fc00a2c39e90264f33305004495a9","hash":"ea59730b7929f08e7cdd77b52272bf01b23b9259"}
}
