TN:
SF:app.js
FN:16,(anonymous_0)
FNF:1
FNH:1
FNDA:2,(anonymous_0)
DA:1,2
DA:2,2
DA:3,2
DA:5,2
DA:6,2
DA:7,2
DA:8,2
DA:9,2
DA:12,2
DA:13,2
DA:15,2
DA:16,2
DA:18,2
LF:13
LH:13
BRDA:15,0,0,2
BRDA:15,0,1,2
BRF:2
BRH:2
end_of_record
TN:
SF:middleware\admin.js
FN:1,(anonymous_0)
FNF:1
FNH:0
FNDA:0,(anonymous_0)
DA:1,2
DA:2,0
DA:4,0
LF:3
LH:1
BRDA:2,0,0,0
BRDA:2,0,1,0
BRF:2
BRH:0
end_of_record
TN:
SF:middleware\asyncerror.js
FN:2,(anonymous_0)
FN:3,(anonymous_1)
FNF:2
FNH:0
FNDA:0,(anonymous_0)
FNDA:0,(anonymous_1)
DA:2,2
DA:3,0
DA:4,0
DA:5,0
DA:8,0
LF:5
LH:1
BRF:0
BRH:0
end_of_record
TN:
SF:middleware\auth.js
FN:6,authToken
FNF:1
FNH:1
FNDA:8,authToken
DA:1,2
DA:2,2
DA:3,2
DA:4,2
DA:6,2
DA:8,8
DA:9,8
DA:12,8
DA:13,8
DA:14,5
DA:15,5
DA:18,3
LF:12
LH:12
BRDA:9,0,0,2
BRDA:9,0,1,6
BRF:2
BRH:2
end_of_record
TN:
SF:middleware\error.js
FN:3,(anonymous_0)
FNF:1
FNH:1
FNDA:7,(anonymous_0)
DA:1,2
DA:3,2
DA:4,7
DA:6,7
LF:4
LH:4
BRF:0
BRH:0
end_of_record
TN:
SF:middleware\validateObjectId.js
FN:3,(anonymous_0)
FNF:1
FNH:1
FNDA:2,(anonymous_0)
DA:1,2
DA:3,2
DA:4,2
DA:5,1
DA:7,1
LF:5
LH:5
BRDA:4,0,0,1
BRDA:4,0,1,1
BRF:2
BRH:2
end_of_record
TN:
SF:models\customer.js
FN:25,validateCustomer
FNF:1
FNH:0
FNDA:0,validateCustomer
DA:1,2
DA:2,2
DA:4,2
DA:26,0
DA:31,0
DA:34,2
DA:35,2
LF:7
LH:5
BRF:0
BRH:0
end_of_record
TN:
SF:models\genre.js
FN:26,validateGenre
FNF:1
FNH:1
FNDA:5,validateGenre
DA:1,2
DA:2,2
DA:4,2
DA:14,2
DA:27,5
DA:30,5
DA:33,2
DA:34,2
DA:35,2
LF:9
LH:9
BRF:0
BRH:0
end_of_record
TN:
SF:models\movie.js
FN:31,createMovie
FN:45,validateMovie
FNF:2
FNH:1
FNDA:2,createMovie
FNDA:0,validateMovie
DA:1,2
DA:2,2
DA:3,2
DA:5,2
DA:32,2
DA:40,2
DA:43,2
DA:46,0
DA:53,0
DA:56,2
DA:57,2
LF:11
LH:9
BRF:0
BRH:0
end_of_record
TN:
SF:models\rental.js
FN:62,validateRental
FNF:1
FNH:0
FNDA:0,validateRental
DA:1,2
DA:2,2
DA:5,2
DA:63,0
DA:68,0
DA:71,2
DA:72,2
LF:7
LH:5
BRF:0
BRH:0
end_of_record
TN:
SF:models\users.js
FN:32,(anonymous_0)
FN:38,validateUser
FNF:2
FNH:1
FNDA:9,(anonymous_0)
FNDA:0,validateUser
DA:1,3
DA:2,3
DA:3,3
DA:4,3
DA:5,3
DA:7,3
DA:32,3
DA:33,9
DA:34,9
DA:36,3
DA:39,0
DA:45,0
DA:48,3
DA:49,3
LF:14
LH:12
BRF:0
BRH:0
end_of_record
TN:
SF:routes\auth.js
FN:12,(anonymous_0)
FN:32,validate
FNF:2
FNH:0
FNDA:0,(anonymous_0)
FNDA:0,validate
DA:1,2
DA:2,2
DA:3,2
DA:4,2
DA:5,2
DA:6,2
DA:7,2
DA:8,2
DA:9,2
DA:10,2
DA:12,2
DA:15,0
DA:16,0
DA:19,0
DA:20,0
DA:24,0
DA:25,0
DA:28,0
DA:29,0
DA:33,0
DA:40,0
DA:43,2
LF:22
LH:12
BRDA:16,0,0,0
BRDA:16,0,1,0
BRDA:20,1,0,0
BRDA:20,1,1,0
BRDA:25,2,0,0
BRDA:25,2,1,0
BRF:6
BRH:0
end_of_record
TN:
SF:routes\customer.js
FN:7,(anonymous_0)
FN:12,(anonymous_1)
FNF:2
FNH:0
FNDA:0,(anonymous_0)
FNDA:0,(anonymous_1)
DA:1,2
DA:2,2
DA:3,2
DA:4,2
DA:5,2
DA:7,2
DA:8,0
DA:9,0
DA:12,2
DA:13,0
DA:14,0
DA:16,0
DA:21,0
DA:22,0
DA:25,2
LF:15
LH:8
BRDA:14,0,0,0
BRDA:14,0,1,0
BRF:2
BRH:0
end_of_record
TN:
SF:routes\genre.js
FN:12,(anonymous_0)
FN:19,(anonymous_1)
FN:28,(anonymous_2)
FN:38,(anonymous_3)
FN:51,(anonymous_4)
FNF:5
FNH:3
FNDA:1,(anonymous_0)
FNDA:1,(anonymous_1)
FNDA:5,(anonymous_2)
FNDA:0,(anonymous_3)
FNDA:0,(anonymous_4)
DA:1,2
DA:2,2
DA:3,2
DA:4,2
DA:5,2
DA:6,2
DA:7,2
DA:8,2
DA:9,2
DA:10,2
DA:12,2
DA:14,1
DA:16,1
DA:19,2
DA:21,1
DA:23,1
DA:25,1
DA:28,2
DA:29,5
DA:30,5
DA:32,5
DA:33,0
DA:35,0
DA:38,2
DA:39,0
DA:40,0
DA:42,0
DA:43,0
DA:45,0
DA:46,0
DA:48,0
DA:51,2
DA:53,0
DA:55,0
DA:57,0
DA:60,2
LF:36
LH:24
BRDA:23,0,0,0
BRDA:23,0,1,1
BRDA:30,1,0,0
BRDA:30,1,1,5
BRDA:40,2,0,0
BRDA:40,2,1,0
BRDA:43,3,0,0
BRDA:43,3,1,0
BRDA:55,4,0,0
BRDA:55,4,1,0
BRF:10
BRH:2
end_of_record
TN:
SF:routes\movie.js
FN:7,(anonymous_0)
FN:12,(anonymous_1)
FN:33,(anonymous_2)
FNF:3
FNH:0
FNDA:0,(anonymous_0)
FNDA:0,(anonymous_1)
FNDA:0,(anonymous_2)
DA:1,2
DA:2,2
DA:3,2
DA:4,2
DA:7,2
DA:8,0
DA:9,0
DA:12,2
DA:13,0
DA:14,0
DA:16,0
DA:17,0
DA:19,0
DA:29,0
DA:30,0
DA:33,2
DA:34,0
DA:35,0
DA:37,0
DA:38,0
DA:40,0
DA:46,0
DA:48,0
DA:50,2
LF:24
LH:8
BRDA:14,0,0,0
BRDA:14,0,1,0
BRDA:17,1,0,0
BRDA:17,1,1,0
BRDA:35,2,0,0
BRDA:35,2,1,0
BRDA:38,3,0,0
BRDA:38,3,1,0
BRF:8
BRH:0
end_of_record
TN:
SF:routes\rental.js
FN:14,(anonymous_0)
FN:19,(anonymous_1)
FNF:2
FNH:0
FNDA:0,(anonymous_0)
FNDA:0,(anonymous_1)
DA:1,2
DA:2,2
DA:3,2
DA:4,2
DA:5,2
DA:6,2
DA:7,2
DA:8,2
DA:9,2
DA:10,2
DA:12,2
DA:14,2
DA:15,0
DA:16,0
DA:19,2
DA:21,0
DA:22,0
DA:24,0
DA:25,0
DA:27,0
DA:28,0
DA:30,0
DA:31,0
DA:33,0
DA:53,0
DA:54,0
DA:56,0
DA:60,0
DA:63,0
DA:67,2
LF:30
LH:14
BRDA:22,0,0,0
BRDA:22,0,1,0
BRDA:25,1,0,0
BRDA:25,1,1,0
BRDA:28,2,0,0
BRDA:28,2,1,0
BRDA:30,3,0,0
BRDA:30,3,1,0
BRF:8
BRH:0
end_of_record
TN:
SF:routes\users.js
FN:12,(anonymous_0)
FN:17,(anonymous_1)
FNF:2
FNH:0
FNDA:0,(anonymous_0)
FNDA:0,(anonymous_1)
DA:1,2
DA:2,2
DA:3,2
DA:4,2
DA:5,2
DA:6,2
DA:7,2
DA:8,2
DA:9,2
DA:10,2
DA:12,2
DA:13,0
DA:14,0
DA:17,2
DA:18,0
DA:19,0
DA:22,0
DA:23,0
DA:26,0
DA:27,0
DA:28,0
DA:29,0
DA:31,0
DA:32,0
DA:35,2
LF:25
LH:13
BRDA:19,0,0,0
BRDA:19,0,1,0
BRDA:23,1,0,0
BRDA:23,1,1,0
BRF:4
BRH:0
end_of_record
TN:
SF:startup\config.js
FN:4,(anonymous_0)
FNF:1
FNH:1
FNDA:2,(anonymous_0)
DA:1,2
DA:2,2
DA:4,2
DA:5,2
DA:6,0
LF:5
LH:4
BRDA:5,0,0,0
BRDA:5,0,1,2
BRF:2
BRH:1
end_of_record
TN:
SF:startup\db.js
FN:6,(anonymous_0)
FN:14,(anonymous_1)
FNF:2
FNH:2
FNDA:2,(anonymous_0)
FNDA:2,(anonymous_1)
DA:1,2
DA:2,2
DA:3,2
DA:4,2
DA:6,2
DA:7,2
DA:8,2
DA:14,2
LF:8
LH:8
BRF:0
BRH:0
end_of_record
TN:
SF:startup\logging.js
FN:5,(anonymous_0)
FN:10,(anonymous_1)
FNF:2
FNH:1
FNDA:2,(anonymous_0)
FNDA:0,(anonymous_1)
DA:1,2
DA:2,2
DA:3,2
DA:5,2
DA:6,2
DA:10,2
DA:11,0
DA:14,2
DA:15,2
LF:9
LH:8
BRF:0
BRH:0
end_of_record
TN:
SF:startup\routes.js
FN:10,(anonymous_0)
FNF:1
FNH:1
FNDA:2,(anonymous_0)
DA:1,2
DA:2,2
DA:3,2
DA:4,2
DA:5,2
DA:6,2
DA:7,2
DA:8,2
DA:10,2
DA:12,2
DA:13,2
DA:14,2
DA:15,2
DA:16,2
DA:17,2
DA:19,2
LF:16
LH:16
BRF:0
BRH:0
end_of_record
TN:
SF:startup\validation.js
FN:3,(anonymous_0)
FNF:1
FNH:1
FNDA:2,(anonymous_0)
DA:1,2
DA:3,2
DA:4,2
LF:3
LH:3
BRF:0
BRH:0
end_of_record
